<?xml version="1.0" encoding="UTF-8"?>
<!-- Generated by org.testng.reporters.JUnitReportReporter -->
<testsuite skipped="0" hostname="DESKTOP-FUR8CG5" name="tests.LoginDDT" tests="4" failures="0" timestamp="02 sie 2019 19:55:21 GMT" time="50.841" errors="0">
  <testcase name="loginTest" time="12.461" classname="tests.LoginDDT"/>
  <testcase name="loginTest" time="15.795" classname="tests.LoginDDT"/>
  <testcase name="loginTest" time="12.213" classname="tests.LoginDDT"/>
  <testcase name="loginTest" time="10.372" classname="tests.LoginDDT"/>
</testsuite> <!-- tests.LoginDDT -->
