<?xml version="1.0" encoding="UTF-8"?>
<!-- Generated by org.testng.reporters.JUnitReportReporter -->
<testsuite skipped="0" hostname="DESKTOP-FUR8CG5" name="smoketests.ATagsTest" tests="1" failures="0" timestamp="02 sie 2019 15:19:49 GMT" time="5.695" errors="0">
  <testcase name="aTagsLinksTest" time="5.695" classname="smoketests.ATagsTest"/>
</testsuite> <!-- smoketests.ATagsTest -->
