<?xml version="1.0" encoding="UTF-8"?>
<!-- Generated by org.testng.reporters.JUnitReportReporter -->
<testsuite skipped="0" hostname="DESKTOP-FUR8CG5" name="smoketests.LoginPresentTestNG" tests="1" failures="0" timestamp="02 sie 2019 15:19:49 GMT" time="4.682" errors="0">
  <testcase name="loginElementsPresentTest" time="4.682" classname="smoketests.LoginPresentTestNG"/>
</testsuite> <!-- smoketests.LoginPresentTestNG -->
